<?xml version="1.0" encoding="UTF-8"?>
<!-- Generated by org.testng.reporters.JUnitReportReporter -->
<testsuite skipped="0" hostname="DESKTOP-HHPFTK0" name="Test.LoginTest" tests="2" failures="0" timestamp="15 Feb 2021 02:00:26 GMT" time="24.700" errors="0">
  <testcase name="loginwithWronPasswordTest" time="13.930" classname="Test.LoginTest"/>
  <testcase name="loginwithWronEmailTest" time="10.770" classname="Test.LoginTest"/>
</testsuite> <!-- Test.LoginTest -->
