<?xml version="1.0" encoding="UTF-8"?>
<!-- Generated by org.testng.reporters.JUnitReportReporter -->
<testsuite skipped="0" hostname="DESKTOP-HHPFTK0" name="Test.LoginTest" tests="2" failures="0" timestamp="15 Feb 2021 23:37:37 GMT" time="23.633" errors="0">
  <testcase name="loginwithWronPasswordTest" time="13.962" classname="Test.LoginTest"/>
  <testcase name="loginwithWronEmailTest" time="9.671" classname="Test.LoginTest"/>
</testsuite> <!-- Test.LoginTest -->
